1685122026.333976 client started (101639): version 3.1c, socket /tmp//tmux-1000/default, protocol 8
1685122026.334020 on Linux 5.10.0-23-amd64 #1 SMP Debian 5.10.179-1 (2023-05-12); libevent 2.1.12-stable (poll)
1685122026.334039 socket is /tmp//tmux-1000/default
1685122026.334057 trying connect
1685122026.334129 add peer 0x5603384b0de0: 6 ((nil))
1685122026.334234 sending message 100 to peer 0x5603384b0de0 (4 bytes)
1685122026.334244 sending message 101 to peer 0x5603384b0de0 (16 bytes)
1685122026.334252 sending message 102 to peer 0x5603384b0de0 (11 bytes)
1685122026.334259 sending message 108 to peer 0x5603384b0de0 (68 bytes)
1685122026.334266 sending message 104 to peer 0x5603384b0de0 (0 bytes)
1685122026.334276 sending message 107 to peer 0x5603384b0de0 (4 bytes)
1685122026.334283 sending message 105 to peer 0x5603384b0de0 (54 bytes)
1685122026.334290 sending message 105 to peer 0x5603384b0de0 (11 bytes)
1685122026.334296 sending message 105 to peer 0x5603384b0de0 (28 bytes)
1685122026.334303 sending message 105 to peer 0x5603384b0de0 (17 bytes)
1685122026.334310 sending message 105 to peer 0x5603384b0de0 (47 bytes)
1685122026.334316 sending message 105 to peer 0x5603384b0de0 (23 bytes)
1685122026.334322 sending message 105 to peer 0x5603384b0de0 (17 bytes)
1685122026.334329 sending message 105 to peer 0x5603384b0de0 (14 bytes)
1685122026.334335 sending message 105 to peer 0x5603384b0de0 (16 bytes)
1685122026.334342 sending message 105 to peer 0x5603384b0de0 (468 bytes)
1685122026.334349 sending message 105 to peer 0x5603384b0de0 (72 bytes)
1685122026.334356 sending message 105 to peer 0x5603384b0de0 (19 bytes)
1685122026.334362 sending message 105 to peer 0x5603384b0de0 (15 bytes)
1685122026.334369 sending message 105 to peer 0x5603384b0de0 (21 bytes)
1685122026.334376 sending message 105 to peer 0x5603384b0de0 (36 bytes)
1685122026.334382 sending message 105 to peer 0x5603384b0de0 (13 bytes)
1685122026.334389 sending message 105 to peer 0x5603384b0de0 (52 bytes)
1685122026.334395 sending message 105 to peer 0x5603384b0de0 (11 bytes)
1685122026.334402 sending message 105 to peer 0x5603384b0de0 (67 bytes)
1685122026.334423 sending message 105 to peer 0x5603384b0de0 (31 bytes)
1685122026.334431 sending message 105 to peer 0x5603384b0de0 (17 bytes)
1685122026.334438 sending message 105 to peer 0x5603384b0de0 (8 bytes)
1685122026.334444 sending message 105 to peer 0x5603384b0de0 (67 bytes)
1685122026.334451 sending message 105 to peer 0x5603384b0de0 (16 bytes)
1685122026.334458 sending message 105 to peer 0x5603384b0de0 (25 bytes)
1685122026.334465 sending message 105 to peer 0x5603384b0de0 (37 bytes)
1685122026.334472 sending message 105 to peer 0x5603384b0de0 (52 bytes)
1685122026.334479 sending message 105 to peer 0x5603384b0de0 (18 bytes)
1685122026.334486 sending message 105 to peer 0x5603384b0de0 (67 bytes)
1685122026.334493 sending message 105 to peer 0x5603384b0de0 (12 bytes)
1685122026.334500 sending message 105 to peer 0x5603384b0de0 (66 bytes)
1685122026.334507 sending message 105 to peer 0x5603384b0de0 (83 bytes)
1685122026.334514 sending message 105 to peer 0x5603384b0de0 (59 bytes)
1685122026.334520 sending message 105 to peer 0x5603384b0de0 (84 bytes)
1685122026.334527 sending message 105 to peer 0x5603384b0de0 (270 bytes)
1685122026.334534 sending message 105 to peer 0x5603384b0de0 (25 bytes)
1685122026.334541 sending message 105 to peer 0x5603384b0de0 (16 bytes)
1685122026.334548 sending message 105 to peer 0x5603384b0de0 (52 bytes)
1685122026.334555 sending message 105 to peer 0x5603384b0de0 (61 bytes)
1685122026.334562 sending message 105 to peer 0x5603384b0de0 (45 bytes)
1685122026.334569 sending message 105 to peer 0x5603384b0de0 (43 bytes)
1685122026.334575 sending message 105 to peer 0x5603384b0de0 (55 bytes)
1685122026.334582 sending message 105 to peer 0x5603384b0de0 (46 bytes)
1685122026.334589 sending message 106 to peer 0x5603384b0de0 (0 bytes)
1685122026.334597 sending message 200 to peer 0x5603384b0de0 (4 bytes)
1685122026.334603 client loop enter
1685122026.334997 peer 0x5603384b0de0 message 303
1685122026.335017 open write file 2 -
1685122026.335032 sending message 305 to peer 0x5603384b0de0 (8 bytes)
1685122026.335195 peer 0x5603384b0de0 message 304
1685122026.335208 write 58 to file 2
1685122026.335218 peer 0x5603384b0de0 message 203
1685122026.335225 file 2 58 bytes left
1685122026.335244 client loop exit
